--------
/home/elics-lee/academicSpace/recSpace/RAImplement/node2vec.Err
Thu Aug 31 11:26:18 2017
Execution stopped: IsInt(false, 0, 0, Val) [Reason:'1954.0'], file ../../glib-core/dt.h, line 578
--------
--------
/home/elics-lee/academicSpace/recSpace/RAImplement/node2vec.Err
Thu Aug 31 11:31:12 2017
Execution stopped: IsInt(false, 0, 0, Val) [Reason:'1509.0'], file ../../glib-core/dt.h, line 578
--------
--------
/home/elics-lee/academicSpace/recSpace/RAImplement/node2vec.Err
Thu Aug 31 11:32:41 2017
Execution stopped: IsInt(false, 0, 0, Val) [Reason:'1753.0'], file ../../glib-core/dt.h, line 578
--------
--------
/home/elics-lee/academicSpace/recSpace/RAImplement/node2vec.Err
Thu Aug 31 11:47:07 2017
Execution stopped: IsInt(false, 0, 0, Val) [Reason:'1815.0'], file ../../glib-core/dt.h, line 578
--------
--------
/home/elics-lee/academicSpace/recSpace/RAImplement/node2vec.Err
Thu Aug 31 12:03:44 2017
Execution stopped: IsInt(false, 0, 0, Val) [Reason:'14979.0'], file ../../glib-core/dt.h, line 578
--------
--------
/home/elics-lee/academicSpace/recSpace/RAImplement/node2vec.Err
Sat Sep  2 14:25:06 2017
Execution stopped: IsInt(false, 0, 0, Val) [Reason:'6395.0'], file ../../glib-core/dt.h, line 578
--------
